# JRE version: Java(TM) SE Runtime Environment (8.0_65-b17) (build 1.8.0_65-b17)
# Java VM: Java HotSpot(TM) 64-Bit Server VM (25.65-b01 mixed mode windows-amd64 compressed oops)
Heap:
 PSYoungGen      total 83968K, used 10726K [0x00000000eab00000, 0x00000000f2580000, 0x0000000100000000)
  eden space 73216K, 0% used [0x00000000eab00000,0x00000000eab00000,0x00000000ef280000)
  from space 10752K, 99% used [0x00000000ef280000,0x00000000efcf9aa8,0x00000000efd00000)
  to   space 12800K, 0% used [0x00000000f1900000,0x00000000f1900000,0x00000000f2580000)
 ParOldGen       total 63488K, used 12259K [0x00000000c0000000, 0x00000000c3e00000, 0x00000000eab00000)
  object space 63488K, 19% used [0x00000000c0000000,0x00000000c0bf8c38,0x00000000c3e00000)
 Metaspace       used 34707K, capacity 35314K, committed 35456K, reserved 1079296K
  class space    used 4708K, capacity 4895K, committed 4992K, reserved 1048576K
GC Heap History (10 events):
Event: 11.619 GC heap after
Heap after GC invocations=6 (full 1):
 PSYoungGen      total 38400K, used 3660K [0x00000000eab00000, 0x00000000ef400000, 0x0000000100000000)
  eden space 33280K, 0% used [0x00000000eab00000,0x00000000eab00000,0x00000000ecb80000)
  from space 5120K, 71% used [0x00000000ecb80000,0x00000000ecf132c8,0x00000000ed080000)
  to   space 11264K, 0% used [0x00000000ee900000,0x00000000ee900000,0x00000000ef400000)
 ParOldGen       total 63488K, used 9461K [0x00000000c0000000, 0x00000000c3e00000, 0x00000000eab00000)
  object space 63488K, 14% used [0x00000000c0000000,0x00000000c093d738,0x00000000c3e00000)
 Metaspace       used 23279K, capacity 23674K, committed 23936K, reserved 1069056K
  class space    used 3216K, capacity 3347K, committed 3456K, reserved 1048576K
}
Event: 13.693 GC heap before
{Heap before GC invocations=7 (full 1):
 PSYoungGen      total 38400K, used 36940K [0x00000000eab00000, 0x00000000ef400000, 0x0000000100000000)
  eden space 33280K, 100% used [0x00000000eab00000,0x00000000ecb80000,0x00000000ecb80000)
  from space 5120K, 71% used [0x00000000ecb80000,0x00000000ecf132c8,0x00000000ed080000)
  to   space 11264K, 0% used [0x00000000ee900000,0x00000000ee900000,0x00000000ef400000)
 ParOldGen       total 63488K, used 9461K [0x00000000c0000000, 0x00000000c3e00000, 0x00000000eab00000)
  object space 63488K, 14% used [0x00000000c0000000,0x00000000c093d738,0x00000000c3e00000)
 Metaspace       used 26598K, capacity 27090K, committed 27392K, reserved 1073152K
  class space    used 3621K, capacity 3735K, committed 3840K, reserved 1048576K
Event: 13.700 GC heap after
Heap after GC invocations=7 (full 1):
 PSYoungGen      total 59392K, used 4116K [0x00000000eab00000, 0x00000000ef200000, 0x0000000100000000)
  eden space 50176K, 0% used [0x00000000eab00000,0x00000000eab00000,0x00000000edc00000)
  from space 9216K, 44% used [0x00000000ee900000,0x00000000eed05100,0x00000000ef200000)
  to   space 11264K, 0% used [0x00000000edc00000,0x00000000edc00000,0x00000000ee700000)
 ParOldGen       total 63488K, used 9469K [0x00000000c0000000, 0x00000000c3e00000, 0x00000000eab00000)
  object space 63488K, 14% used [0x00000000c0000000,0x00000000c093f738,0x00000000c3e00000)
 Metaspace       used 26598K, capacity 27090K, committed 27392K, reserved 1073152K
  class space    used 3621K, capacity 3735K, committed 3840K, reserved 1048576K
}
Event: 22.455 GC heap before
{Heap before GC invocations=8 (full 1):
 PSYoungGen      total 59392K, used 54292K [0x00000000eab00000, 0x00000000ef200000, 0x0000000100000000)
  eden space 50176K, 100% used [0x00000000eab00000,0x00000000edc00000,0x00000000edc00000)
  from space 9216K, 44% used [0x00000000ee900000,0x00000000eed05100,0x00000000ef200000)
  to   space 11264K, 0% used [0x00000000edc00000,0x00000000edc00000,0x00000000ee700000)
 ParOldGen       total 63488K, used 9469K [0x00000000c0000000, 0x00000000c3e00000, 0x00000000eab00000)
  object space 63488K, 14% used [0x00000000c0000000,0x00000000c093f738,0x00000000c3e00000)
 Metaspace       used 28023K, capacity 28486K, committed 28800K, reserved 1075200K
  class space    used 3762K, capacity 3883K, committed 3968K, reserved 1048576K
Event: 22.491 GC heap after
Heap after GC invocations=8 (full 1):
 PSYoungGen      total 61440K, used 5247K [0x00000000eab00000, 0x00000000f0780000, 0x0000000100000000)
  eden space 50176K, 0% used [0x00000000eab00000,0x00000000eab00000,0x00000000edc00000)
  from space 11264K, 46% used [0x00000000edc00000,0x00000000ee11ff78,0x00000000ee700000)
  to   space 10752K, 0% used [0x00000000efd00000,0x00000000efd00000,0x00000000f0780000)
 ParOldGen       total 63488K, used 9541K [0x00000000c0000000, 0x00000000c3e00000, 0x00000000eab00000)
  object space 63488K, 15% used [0x00000000c0000000,0x00000000c0951748,0x00000000c3e00000)
 Metaspace       used 28023K, capacity 28486K, committed 28800K, reserved 1075200K
  class space    used 3762K, capacity 3883K, committed 3968K, reserved 1048576K
}
Event: 23.928 GC heap before
{Heap before GC invocations=9 (full 1):
 PSYoungGen      total 61440K, used 55423K [0x00000000eab00000, 0x00000000f0780000, 0x0000000100000000)
  eden space 50176K, 100% used [0x00000000eab00000,0x00000000edc00000,0x00000000edc00000)
  from space 11264K, 46% used [0x00000000edc00000,0x00000000ee11ff78,0x00000000ee700000)
  to   space 10752K, 0% used [0x00000000efd00000,0x00000000efd00000,0x00000000f0780000)
 ParOldGen       total 63488K, used 9541K [0x00000000c0000000, 0x00000000c3e00000, 0x00000000eab00000)
  object space 63488K, 15% used [0x00000000c0000000,0x00000000c0951748,0x00000000c3e00000)
 Metaspace       used 30409K, capacity 30960K, committed 31232K, reserved 1077248K
  class space    used 4094K, capacity 4240K, committed 4352K, reserved 1048576K
Event: 23.971 GC heap after
Heap after GC invocations=9 (full 1):
 PSYoungGen      total 83968K, used 6634K [0x00000000eab00000, 0x00000000f0c00000, 0x0000000100000000)
  eden space 73216K, 0% used [0x00000000eab00000,0x00000000eab00000,0x00000000ef280000)
  from space 10752K, 61% used [0x00000000efd00000,0x00000000f037a810,0x00000000f0780000)
  to   space 10752K, 0% used [0x00000000ef280000,0x00000000ef280000,0x00000000efd00000)
 ParOldGen       total 63488K, used 9541K [0x00000000c0000000, 0x00000000c3e00000, 0x00000000eab00000)
  object space 63488K, 15% used [0x00000000c0000000,0x00000000c0951748,0x00000000c3e00000)
 Metaspace       used 30409K, capacity 30960K, committed 31232K, reserved 1077248K
  class space    used 4094K, capacity 4240K, committed 4352K, reserved 1048576K
}
Event: 25.684 GC heap before
{Heap before GC invocations=10 (full 1):
 PSYoungGen      total 83968K, used 71577K [0x00000000eab00000, 0x00000000f0c00000, 0x0000000100000000)
  eden space 73216K, 88% used [0x00000000eab00000,0x00000000eea6bd38,0x00000000ef280000)
  from space 10752K, 61% used [0x00000000efd00000,0x00000000f037a810,0x00000000f0780000)
  to   space 10752K, 0% used [0x00000000ef280000,0x00000000ef280000,0x00000000efd00000)
 ParOldGen       total 63488K, used 9541K [0x00000000c0000000, 0x00000000c3e00000, 0x00000000eab00000)
  object space 63488K, 15% used [0x00000000c0000000,0x00000000c0951748,0x00000000c3e00000)
 Metaspace       used 34707K, capacity 35314K, committed 35456K, reserved 1079296K
  class space    used 4708K, capacity 4895K, committed 4992K, reserved 1048576K
Event: 25.738 GC heap after
Heap after GC invocations=10 (full 1):
 PSYoungGen      total 83968K, used 10726K [0x00000000eab00000, 0x00000000f2580000, 0x0000000100000000)
  eden space 73216K, 0% used [0x00000000eab00000,0x00000000eab00000,0x00000000ef280000)
  from space 10752K, 99% used [0x00000000ef280000,0x00000000efcf9aa8,0x00000000efd00000)
  to   space 12800K, 0% used [0x00000000f1900000,0x00000000f1900000,0x00000000f2580000)
 ParOldGen       total 63488K, used 12259K [0x00000000c0000000, 0x00000000c3e00000, 0x00000000eab00000)
  object space 63488K, 19% used [0x00000000c0000000,0x00000000c0bf8c38,0x00000000c3e00000)
 Metaspace       used 34707K, capacity 35314K, committed 35456K, reserved 1079296K
  class space    used 4708K, capacity 4895K, committed 4992K, reserved 1048576K
}
Event: 25.738 GC heap before
{Heap before GC invocations=11 (full 2):
 PSYoungGen      total 83968K, used 10726K [0x00000000eab00000, 0x00000000f2580000, 0x0000000100000000)
  eden space 73216K, 0% used [0x00000000eab00000,0x00000000eab00000,0x00000000ef280000)
  from space 10752K, 99% used [0x00000000ef280000,0x00000000efcf9aa8,0x00000000efd00000)
  to   space 12800K, 0% used [0x00000000f1900000,0x00000000f1900000,0x00000000f2580000)
 ParOldGen       total 63488K, used 12259K [0x00000000c0000000, 0x00000000c3e00000, 0x00000000eab00000)
  object space 63488K, 19% used [0x00000000c0000000,0x00000000c0bf8c38,0x00000000c3e00000)
 Metaspace       used 34707K, capacity 35314K, committed 35456K, reserved 1079296K
  class space    used 4708K, capacity 4895K, committed 4992K, reserved 1048576K

